<?xml version="1.0" encoding="UTF-8"?>
<testng-results skipped="0" failed="0" total="1" passed="1">
  <reporter-output>
  </reporter-output>
  <suite name="Suite" duration-ms="6876" started-at="2019-03-18T11:11:56Z" finished-at="2019-03-18T11:12:03Z">
    <groups>
    </groups>
    <test name="Test" duration-ms="6876" started-at="2019-03-18T11:11:56Z" finished-at="2019-03-18T11:12:03Z">
      <class name="jenkins.DemoJenkins.TestCases">
        <test-method status="PASS" signature="jenkinsTest()[pri:0, instance:jenkins.DemoJenkins.TestCases@14acaea5]" name="jenkinsTest" duration-ms="6856" started-at="2019-03-18T16:41:56Z" finished-at="2019-03-18T16:42:03Z">
          <reporter-output>
          </reporter-output>
        </test-method> <!-- jenkinsTest -->
      </class> <!-- jenkins.DemoJenkins.TestCases -->
    </test> <!-- Test -->
  </suite> <!-- Suite -->
</testng-results>
